"blank"				"=========================="
"blank"				"#DoD_Movement_Title"
"blank"				"=========================="
"+forward"			"#Valve_Move_Forward"
"+back"				"#Valve_Move_Back"
"+moveleft"			"#Valve_Move_Left"
"+moveright"		"#Valve_Move_Right"
"+jump"				"#Valve_Jump"
"+duck"				"#Valve_Duck"
"+alt1"				"#Dod_Prone"
"+speed"           	"#Dod_Sprint"
"blank"				"=========================="
"blank"				"#DoD_Combat_Title"
"blank"				"=========================="
"+attack"			"#Valve_Primary_Attack"
"+attack2"			"#Valve_Secondary_Attack"
"+reload"			"#Valve_Reload_Weapon"
"slot1"				"#Valve_Weapon_Category_1"
"slot2"				"#Valve_Weapon_Category_2"
"slot3" 			"#Valve_Weapon_Category_3"
"slot4"				"#Valve_Weapon_Category_4"
"slot5"				"#Valve_Weapon_Category_5"
"slot6"				"#Valve_Weapon_Category_6"
"slot7"				"#Valve_Weapon_Category_7"
"slot8"				"#Valve_Weapon_Category_8"
"slot9"				"#Valve_Weapon_Category_9"
"slot10"			"#Valve_Weapon_Category_0"
"invprev"			"#Valve_Previous_Weapon"
"invnext"			"#Valve_Next_Weapon"
"lastinv"			"#Valve_Last_Weapon_Used"
"blank"				"=========================="
"blank"				"#DoD_Communication_Title"
"blank"				"=========================="
"+voicerecord"		"#Valve_Use_Voice_Communication"
"say"				"#Valve_Chat_Message"
"say_team"			"#Valve_Team_Message"
"blank"				"=========================="
"blank"				"#DoD_Menu_Title"
"blank"				"=========================="
"changeclass"		"#Valve_Change_Class"
"changeteam"		"#Valve_Change_Team"
"voicemenu1"		"#DoD_Voice_menu_1"
"voicemenu2"		"#DoD_Voice_menu_2"
"voicemenu3"		"#DoD_Voice_menu_3"
"drop"				"#DoD_Drop_Weapon"
"dropammo"			"#DoD_Drop_Ammo"
"+use"				"#DoD_Use_Pick_Up_Grenades"
"overview_mode"		"#DoD_Open_Map"
"overview_togglezoom" "#DoD_Map_Zoom"
"+overview_largemap"	"#DoD_Toggle_Large_Map"
"blank"				"=========================="
"blank"				"#Valve_Miscellaneous_Title"
"blank"				"=========================="
"impulse 100"		"#Valve_Flashlight"
"impulse 201"		"#Valve_Spray_Logo"
"+showscores"		"#Valve_Display_Scores"
"jpeg"				"#Valve_Take_Screen_Shot"
"quit"				"#Valve_Quit_Game"
"blank"				"=========================="
"blank"				"#Valve_Miscellaneous_Keyboard_Keys_Title"
"blank"				"=========================="
"+left"				"#Valve_Turn_Left"
"+right"			"#Valve_Turn_Right"
"+moveup"			"#Valve_Swim_Up"
"+movedown"			"#Valve_Swim_Down"
"+lookup"			"#Valve_Look_Up"
"+lookdown"			"#Valve_Look_Down"
"centerview"		"#Cstrike_Reset_View"
"+strafe"			"#Valve_Strafe_Modifier"
"+mlook"			"#Cstrike_Mouse_Look"
"+klook"			"#Valve_Keyboard_Look_Modifier"